0 info it worked if it ends with ok
1 verbose cli [ 'C:\\Program Files\\nodejs\\node.exe',
1 verbose cli   'C:\\Program Files\\nodejs\\node_modules\\npm\\bin\\npm-cli.js',
1 verbose cli   'install',
1 verbose cli   'ui-bootstrap-tpls' ]
2 info using npm@2.14.12
3 info using node@v4.3.0
4 verbose install initial load of C:\Users\Jordan Mamroud\Desktop\HTML&CSS&JSProjects\checkride\package.json
5 warn package.json checkride@1.0.0 No README data
6 verbose installManyTop reading scoped package data from C:\Users\Jordan Mamroud\Desktop\HTML&CSS&JSProjects\checkride\node_modules\angular\package.json
7 verbose installManyTop reading scoped package data from C:\Users\Jordan Mamroud\Desktop\HTML&CSS&JSProjects\checkride\node_modules\angular-animate\package.json
8 verbose installManyTop reading scoped package data from C:\Users\Jordan Mamroud\Desktop\HTML&CSS&JSProjects\checkride\node_modules\angular-aria\package.json
9 verbose installManyTop reading scoped package data from C:\Users\Jordan Mamroud\Desktop\HTML&CSS&JSProjects\checkride\node_modules\angular-bootstrap\package.json
10 verbose installManyTop reading scoped package data from C:\Users\Jordan Mamroud\Desktop\HTML&CSS&JSProjects\checkride\node_modules\angular-cookies\package.json
11 verbose installManyTop reading scoped package data from C:\Users\Jordan Mamroud\Desktop\HTML&CSS&JSProjects\checkride\node_modules\angular-material\package.json
12 verbose installManyTop reading scoped package data from C:\Users\Jordan Mamroud\Desktop\HTML&CSS&JSProjects\checkride\node_modules\angular-route\package.json
13 verbose installManyTop reading scoped package data from C:\Users\Jordan Mamroud\Desktop\HTML&CSS&JSProjects\checkride\node_modules\angular-storage\package.json
14 verbose installManyTop reading scoped package data from C:\Users\Jordan Mamroud\Desktop\HTML&CSS&JSProjects\checkride\node_modules\angular-touch\package.json
15 verbose installManyTop reading scoped package data from C:\Users\Jordan Mamroud\Desktop\HTML&CSS&JSProjects\checkride\node_modules\body-parser\package.json
16 verbose installManyTop reading scoped package data from C:\Users\Jordan Mamroud\Desktop\HTML&CSS&JSProjects\checkride\node_modules\cors\package.json
17 verbose installManyTop reading scoped package data from C:\Users\Jordan Mamroud\Desktop\HTML&CSS&JSProjects\checkride\node_modules\ejs\package.json
18 verbose installManyTop reading scoped package data from C:\Users\Jordan Mamroud\Desktop\HTML&CSS&JSProjects\checkride\node_modules\elasticsearch-browser\package.json
19 verbose installManyTop reading scoped package data from C:\Users\Jordan Mamroud\Desktop\HTML&CSS&JSProjects\checkride\node_modules\express\package.json
20 verbose installManyTop reading scoped package data from C:\Users\Jordan Mamroud\Desktop\HTML&CSS&JSProjects\checkride\node_modules\firebase\package.json
21 verbose installManyTop reading scoped package data from C:\Users\Jordan Mamroud\Desktop\HTML&CSS&JSProjects\checkride\node_modules\font-awesome\package.json
22 verbose installManyTop reading scoped package data from C:\Users\Jordan Mamroud\Desktop\HTML&CSS&JSProjects\checkride\node_modules\fs\package.json
23 verbose installManyTop reading scoped package data from C:\Users\Jordan Mamroud\Desktop\HTML&CSS&JSProjects\checkride\node_modules\http\package.json
24 verbose installManyTop reading scoped package data from C:\Users\Jordan Mamroud\Desktop\HTML&CSS&JSProjects\checkride\node_modules\ical-toolkit\package.json
25 verbose installManyTop reading scoped package data from C:\Users\Jordan Mamroud\Desktop\HTML&CSS&JSProjects\checkride\node_modules\moment\package.json
26 verbose installManyTop reading scoped package data from C:\Users\Jordan Mamroud\Desktop\HTML&CSS&JSProjects\checkride\node_modules\path\package.json
27 verbose installManyTop reading scoped package data from C:\Users\Jordan Mamroud\Desktop\HTML&CSS&JSProjects\checkride\node_modules\twilio\package.json
28 info package.json angular-bootstrap@0.12.2 No README data
29 info package.json fs@0.0.2 fs is also the name of a node core module.
30 info package.json fs@0.0.2 No description
31 info package.json fs@0.0.2 No repository field.
32 info package.json fs@0.0.2 No README data
33 info package.json http@0.0.0 http is also the name of a node core module.
34 info package.json http@0.0.0 No description
35 info package.json http@0.0.0 No repository field.
36 info package.json http@0.0.0 No README data
37 info package.json path@0.12.7 path is also the name of a node core module.
38 info package.json twilio@2.11.0 No README data
39 info package.json angular-storage@0.0.15 No license field.
40 info package.json angular-material@1.1.1 No license field.
41 info package.json elasticsearch-browser@11.0.1 license should be a valid SPDX license expression
42 info package.json firebase@3.4.0 No license field.
43 verbose readDependencies loading dependencies from C:\Users\Jordan Mamroud\Desktop\HTML&CSS&JSProjects\checkride\package.json
44 silly cache add args [ 'ui-bootstrap-tpls', null ]
45 verbose cache add spec ui-bootstrap-tpls
46 silly cache add parsed spec Result {
46 silly cache add   raw: 'ui-bootstrap-tpls',
46 silly cache add   scope: null,
46 silly cache add   name: 'ui-bootstrap-tpls',
46 silly cache add   rawSpec: '',
46 silly cache add   spec: 'latest',
46 silly cache add   type: 'tag' }
47 silly addNamed ui-bootstrap-tpls@latest
48 verbose addNamed "latest" is being treated as a dist-tag for ui-bootstrap-tpls
49 info addNameTag [ 'ui-bootstrap-tpls', 'latest' ]
50 silly mapToRegistry name ui-bootstrap-tpls
51 silly mapToRegistry using default registry
52 silly mapToRegistry registry https://registry.npmjs.org/
53 silly mapToRegistry uri https://registry.npmjs.org/ui-bootstrap-tpls
54 verbose addNameTag registry:https://registry.npmjs.org/ui-bootstrap-tpls not in flight; fetching
55 verbose request uri https://registry.npmjs.org/ui-bootstrap-tpls
56 verbose request no auth needed
57 info attempt registry request try #1 at 12:39:58 PM
58 verbose request id 4de0b67976a98013
59 http request GET https://registry.npmjs.org/ui-bootstrap-tpls
60 http 404 https://registry.npmjs.org/ui-bootstrap-tpls
61 verbose headers { 'content-type': 'application/json',
61 verbose headers   'cache-control': 'max-age=0',
61 verbose headers   'content-length': '2',
61 verbose headers   'accept-ranges': 'bytes',
61 verbose headers   date: 'Sun, 23 Oct 2016 16:39:58 GMT',
61 verbose headers   via: '1.1 varnish',
61 verbose headers   age: '0',
61 verbose headers   connection: 'keep-alive',
61 verbose headers   'x-served-by': 'cache-iad2625-IAD',
61 verbose headers   'x-cache': 'MISS',
61 verbose headers   'x-cache-hits': '0',
61 verbose headers   'x-timer': 'S1477240797.981882,VS0,VE102',
61 verbose headers   vary: 'Accept-Encoding' }
62 silly get cb [ 404,
62 silly get   { 'content-type': 'application/json',
62 silly get     'cache-control': 'max-age=0',
62 silly get     'content-length': '2',
62 silly get     'accept-ranges': 'bytes',
62 silly get     date: 'Sun, 23 Oct 2016 16:39:58 GMT',
62 silly get     via: '1.1 varnish',
62 silly get     age: '0',
62 silly get     connection: 'keep-alive',
62 silly get     'x-served-by': 'cache-iad2625-IAD',
62 silly get     'x-cache': 'MISS',
62 silly get     'x-cache-hits': '0',
62 silly get     'x-timer': 'S1477240797.981882,VS0,VE102',
62 silly get     vary: 'Accept-Encoding' } ]
63 verbose stack Error: Registry returned 404 for GET on https://registry.npmjs.org/ui-bootstrap-tpls
63 verbose stack     at makeError (C:\Program Files\nodejs\node_modules\npm\node_modules\npm-registry-client\lib\request.js:264:12)
63 verbose stack     at CachingRegistryClient.<anonymous> (C:\Program Files\nodejs\node_modules\npm\node_modules\npm-registry-client\lib\request.js:242:14)
63 verbose stack     at Request._callback (C:\Program Files\nodejs\node_modules\npm\node_modules\npm-registry-client\lib\request.js:172:14)
63 verbose stack     at Request.self.callback (C:\Program Files\nodejs\node_modules\npm\node_modules\request\request.js:198:22)
63 verbose stack     at emitTwo (events.js:87:13)
63 verbose stack     at Request.emit (events.js:172:7)
63 verbose stack     at Request.<anonymous> (C:\Program Files\nodejs\node_modules\npm\node_modules\request\request.js:1082:10)
63 verbose stack     at emitOne (events.js:82:20)
63 verbose stack     at Request.emit (events.js:169:7)
63 verbose stack     at IncomingMessage.<anonymous> (C:\Program Files\nodejs\node_modules\npm\node_modules\request\request.js:1009:12)
64 verbose statusCode 404
65 verbose pkgid ui-bootstrap-tpls
66 verbose cwd C:\Users\Jordan Mamroud\Desktop\HTML&CSS&JSProjects\checkride
67 error Windows_NT 10.0.14393
68 error argv "C:\\Program Files\\nodejs\\node.exe" "C:\\Program Files\\nodejs\\node_modules\\npm\\bin\\npm-cli.js" "install" "ui-bootstrap-tpls"
69 error node v4.3.0
70 error npm  v2.14.12
71 error code E404
72 error 404 Registry returned 404 for GET on https://registry.npmjs.org/ui-bootstrap-tpls
72 error 404
72 error 404 'ui-bootstrap-tpls' is not in the npm registry.
72 error 404 You should bug the author to publish it (or use the name yourself!)
72 error 404 It was specified as a dependency of 'checkride'
72 error 404
72 error 404 Note that you can also install from a
72 error 404 tarball, folder, http url, or git url.
73 verbose exit [ 1, true ]
